2018-10-07 10:47:06.197  INFO 11111 --- [main] com.worldcup.adm.AdmApplication          : Starting AdmApplication on xujingyaodeMacBook-Pro.local with PID 11111 (/Users/xujingyao/Programming/application/java/worldcup_adm/out/production/classes started by xujingyao in /Users/xujingyao/Programming/application/java/worldcup_adm)
2018-10-07 10:47:06.200  INFO 11111 --- [main] com.worldcup.adm.AdmApplication          : The following profiles are active: dev
2018-10-07 10:47:06.505  INFO 11111 --- [main] ConfigServletWebServerApplicationContext : Refreshing org.springframework.boot.web.servlet.context.AnnotationConfigServletWebServerApplicationContext@7ee955a8: startup date [Sun Oct 07 10:47:06 CST 2018]; root of context hierarchy
2018-10-07 10:47:07.533  INFO 11111 --- [main] trationDelegate$BeanPostProcessorChecker : Bean 'org.springframework.transaction.annotation.ProxyTransactionManagementConfiguration' of type [org.springframework.transaction.annotation.ProxyTransactionManagementConfiguration$$EnhancerBySpringCGLIB$$cd774351] is not eligible for getting processed by all BeanPostProcessors (for example: not eligible for auto-proxying)
2018-10-07 10:47:07.569  INFO 11111 --- [main] trationDelegate$BeanPostProcessorChecker : Bean 'org.springframework.security.config.annotation.configuration.ObjectPostProcessorConfiguration' of type [org.springframework.security.config.annotation.configuration.ObjectPostProcessorConfiguration$$EnhancerBySpringCGLIB$$66250b8b] is not eligible for getting processed by all BeanPostProcessors (for example: not eligible for auto-proxying)
2018-10-07 10:47:07.575  INFO 11111 --- [main] trationDelegate$BeanPostProcessorChecker : Bean 'objectPostProcessor' of type [org.springframework.security.config.annotation.configuration.AutowireBeanFactoryObjectPostProcessor] is not eligible for getting processed by all BeanPostProcessors (for example: not eligible for auto-proxying)
2018-10-07 10:47:07.576  INFO 11111 --- [main] trationDelegate$BeanPostProcessorChecker : Bean 'org.springframework.security.access.expression.method.DefaultMethodSecurityExpressionHandler@5bb3131b' of type [org.springframework.security.access.expression.method.DefaultMethodSecurityExpressionHandler] is not eligible for getting processed by all BeanPostProcessors (for example: not eligible for auto-proxying)
2018-10-07 10:47:07.582  INFO 11111 --- [main] trationDelegate$BeanPostProcessorChecker : Bean 'org.springframework.security.config.annotation.method.configuration.GlobalMethodSecurityConfiguration' of type [org.springframework.security.config.annotation.method.configuration.GlobalMethodSecurityConfiguration$$EnhancerBySpringCGLIB$$8af9ae3d] is not eligible for getting processed by all BeanPostProcessors (for example: not eligible for auto-proxying)
2018-10-07 10:47:07.589  INFO 11111 --- [main] trationDelegate$BeanPostProcessorChecker : Bean 'methodSecurityMetadataSource' of type [org.springframework.security.access.method.DelegatingMethodSecurityMetadataSource] is not eligible for getting processed by all BeanPostProcessors (for example: not eligible for auto-proxying)
2018-10-07 10:47:08.238  INFO 11111 --- [main] o.s.b.w.embedded.tomcat.TomcatWebServer  : Tomcat initialized with port(s): 8081 (http)
2018-10-07 10:47:08.278  INFO 11111 --- [main] o.apache.catalina.core.StandardService   : Starting service [Tomcat]
2018-10-07 10:47:08.278  INFO 11111 --- [main] org.apache.catalina.core.StandardEngine  : Starting Servlet Engine: Apache Tomcat/8.5.34
2018-10-07 10:47:08.284  INFO 11111 --- [localhost-startStop-1] o.a.catalina.core.AprLifecycleListener   : The APR based Apache Tomcat Native library which allows optimal performance in production environments was not found on the java.library.path: [/Users/xujingyao/Library/Java/Extensions:/Library/Java/Extensions:/Network/Library/Java/Extensions:/System/Library/Java/Extensions:/usr/lib/java:.]
2018-10-07 10:47:08.383  INFO 11111 --- [localhost-startStop-1] o.a.c.c.C.[Tomcat].[localhost].[/]       : Initializing Spring embedded WebApplicationContext
2018-10-07 10:47:08.383  INFO 11111 --- [localhost-startStop-1] o.s.web.context.ContextLoader            : Root WebApplicationContext: initialization completed in 1879 ms
2018-10-07 10:47:08.453  INFO 11111 --- [localhost-startStop-1] o.s.b.w.servlet.FilterRegistrationBean   : Mapping filter: 'characterEncodingFilter' to: [/*]
2018-10-07 10:47:08.454  INFO 11111 --- [localhost-startStop-1] o.s.b.w.servlet.FilterRegistrationBean   : Mapping filter: 'hiddenHttpMethodFilter' to: [/*]
2018-10-07 10:47:08.455  INFO 11111 --- [localhost-startStop-1] o.s.b.w.servlet.FilterRegistrationBean   : Mapping filter: 'httpPutFormContentFilter' to: [/*]
2018-10-07 10:47:08.455  INFO 11111 --- [localhost-startStop-1] o.s.b.w.servlet.FilterRegistrationBean   : Mapping filter: 'requestContextFilter' to: [/*]
2018-10-07 10:47:08.456  INFO 11111 --- [localhost-startStop-1] .s.DelegatingFilterProxyRegistrationBean : Mapping filter: 'springSecurityFilterChain' to: [/*]
2018-10-07 10:47:08.457  INFO 11111 --- [localhost-startStop-1] o.s.b.w.servlet.ServletRegistrationBean  : Servlet dispatcherServlet mapped to [/]
2018-10-07 10:47:08.623  INFO 11111 --- [main] com.zaxxer.hikari.HikariDataSource       : HikariPool-1 - Starting...
2018-10-07 10:47:09.022  INFO 11111 --- [main] com.zaxxer.hikari.HikariDataSource       : HikariPool-1 - Start completed.
2018-10-07 10:47:09.057  INFO 11111 --- [main] j.LocalContainerEntityManagerFactoryBean : Building JPA container EntityManagerFactory for persistence unit 'default'
2018-10-07 10:47:09.067  INFO 11111 --- [main] o.hibernate.jpa.internal.util.LogHelper  : HHH000204: Processing PersistenceUnitInfo [
	name: default
	...]
2018-10-07 10:47:09.107  INFO 11111 --- [main] org.hibernate.Version                    : HHH000412: Hibernate Core {5.2.17.Final}
2018-10-07 10:47:09.108  INFO 11111 --- [main] org.hibernate.cfg.Environment            : HHH000206: hibernate.properties not found
2018-10-07 10:47:09.139  INFO 11111 --- [main] o.hibernate.annotations.common.Version   : HCANN000001: Hibernate Commons Annotations {5.0.1.Final}
2018-10-07 10:47:09.221  INFO 11111 --- [main] org.hibernate.dialect.Dialect            : HHH000400: Using dialect: org.hibernate.dialect.MySQL5Dialect
2018-10-07 10:47:09.702  INFO 11111 --- [main] j.LocalContainerEntityManagerFactoryBean : Initialized JPA EntityManagerFactory for persistence unit 'default'
2018-10-07 10:47:10.346  INFO 11111 --- [main] o.s.s.web.DefaultSecurityFilterChain     : Creating filter chain: Ant [pattern='/webjars/**'], []
2018-10-07 10:47:10.404  INFO 11111 --- [main] o.s.s.web.DefaultSecurityFilterChain     : Creating filter chain: org.springframework.security.web.util.matcher.AnyRequestMatcher@1, [org.springframework.security.web.context.request.async.WebAsyncManagerIntegrationFilter@6c3f1658, org.springframework.security.web.context.SecurityContextPersistenceFilter@643ba1ed, org.springframework.security.web.header.HeaderWriterFilter@587c5c1, org.springframework.security.web.authentication.logout.LogoutFilter@31834a2b, org.springframework.security.web.authentication.UsernamePasswordAuthenticationFilter@433ea2ac, org.springframework.security.web.savedrequest.RequestCacheAwareFilter@26582ca, org.springframework.security.web.servletapi.SecurityContextHolderAwareRequestFilter@44aa2e13, org.springframework.security.web.authentication.AnonymousAuthenticationFilter@110e9982, org.springframework.security.web.session.SessionManagementFilter@1f78d415, org.springframework.security.web.access.ExceptionTranslationFilter@5460edd3, org.springframework.security.web.access.intercept.FilterSecurityInterceptor@237add]
2018-10-07 10:47:10.472  INFO 11111 --- [main] o.s.w.s.handler.SimpleUrlHandlerMapping  : Mapped URL path [/**/favicon.ico] onto handler of type [class org.springframework.web.servlet.resource.ResourceHttpRequestHandler]
2018-10-07 10:47:10.705  INFO 11111 --- [main] s.w.s.m.m.a.RequestMappingHandlerAdapter : Looking for @ControllerAdvice: org.springframework.boot.web.servlet.context.AnnotationConfigServletWebServerApplicationContext@7ee955a8: startup date [Sun Oct 07 10:47:06 CST 2018]; root of context hierarchy
2018-10-07 10:47:10.745  WARN 11111 --- [main] aWebConfiguration$JpaWebMvcConfiguration : spring.jpa.open-in-view is enabled by default. Therefore, database queries may be performed during view rendering. Explicitly configure spring.jpa.open-in-view to disable this warning
2018-10-07 10:47:10.771  INFO 11111 --- [main] s.w.s.m.m.a.RequestMappingHandlerMapping : Mapped "{[ || /]}" onto public java.lang.String com.worldcup.adm.controller.IndexController.index()
2018-10-07 10:47:10.771  INFO 11111 --- [main] s.w.s.m.m.a.RequestMappingHandlerMapping : Mapped "{[/login],methods=[GET]}" onto public java.lang.String com.worldcup.adm.controller.IndexController.login()
2018-10-07 10:47:10.776  INFO 11111 --- [main] s.w.s.m.m.a.RequestMappingHandlerMapping : Mapped "{[/article/add],methods=[GET]}" onto public java.lang.String com.worldcup.adm.controller.article.ArticleController.add(org.springframework.ui.ModelMap)
2018-10-07 10:47:10.776  INFO 11111 --- [main] s.w.s.m.m.a.RequestMappingHandlerMapping : Mapped "{[/article/update],methods=[POST]}" onto public java.lang.Integer com.worldcup.adm.controller.article.ArticleController.update(com.worldcup.adm.entity.Article)
2018-10-07 10:47:10.776  INFO 11111 --- [main] s.w.s.m.m.a.RequestMappingHandlerMapping : Mapped "{[/article/delete],methods=[POST]}" onto public int com.worldcup.adm.controller.article.ArticleController.delete(java.lang.Integer)
2018-10-07 10:47:10.777  INFO 11111 --- [main] s.w.s.m.m.a.RequestMappingHandlerMapping : Mapped "{[/article || /article/]}" onto public java.lang.String com.worldcup.adm.controller.article.ArticleController.list(javax.servlet.http.HttpServletRequest,org.springframework.ui.ModelMap)
2018-10-07 10:47:10.777  INFO 11111 --- [main] s.w.s.m.m.a.RequestMappingHandlerMapping : Mapped "{[/article/addSub],methods=[POST]}" onto public java.lang.String com.worldcup.adm.controller.article.ArticleController.addSub(com.worldcup.adm.entity.Article,org.springframework.web.multipart.MultipartFile,org.springframework.ui.ModelMap)
2018-10-07 10:47:10.777  INFO 11111 --- [main] s.w.s.m.m.a.RequestMappingHandlerMapping : Mapped "{[/article/update/get],methods=[GET]}" onto public com.worldcup.adm.entity.Article com.worldcup.adm.controller.article.ArticleController.updateGet(java.lang.Integer)
2018-10-07 10:47:10.777  INFO 11111 --- [main] s.w.s.m.m.a.RequestMappingHandlerMapping : Mapped "{[/article/publish],methods=[POST]}" onto public int com.worldcup.adm.controller.article.ArticleController.publish(java.lang.Integer,java.lang.Integer)
2018-10-07 10:47:10.781  INFO 11111 --- [main] s.w.s.m.m.a.RequestMappingHandlerMapping : Mapped "{[/article/type/add],methods=[POST]}" onto public void com.worldcup.adm.controller.article.ArticleTypeController.add(com.worldcup.adm.entity.ArticleType,javax.servlet.http.HttpServletResponse)
2018-10-07 10:47:10.781  INFO 11111 --- [main] s.w.s.m.m.a.RequestMappingHandlerMapping : Mapped "{[/article/type/update],methods=[POST]}" onto public java.lang.Integer com.worldcup.adm.controller.article.ArticleTypeController.update(com.worldcup.adm.entity.ArticleType,javax.servlet.http.HttpServletResponse)
2018-10-07 10:47:10.781  INFO 11111 --- [main] s.w.s.m.m.a.RequestMappingHandlerMapping : Mapped "{[/article/type/delete],methods=[GET]}" onto public java.lang.Integer com.worldcup.adm.controller.article.ArticleTypeController.delete(java.lang.Integer)
2018-10-07 10:47:10.782  INFO 11111 --- [main] s.w.s.m.m.a.RequestMappingHandlerMapping : Mapped "{[/article/type || /article/type/]}" onto public java.lang.String com.worldcup.adm.controller.article.ArticleTypeController.list(org.springframework.ui.ModelMap)
2018-10-07 10:47:10.782  INFO 11111 --- [main] s.w.s.m.m.a.RequestMappingHandlerMapping : Mapped "{[/article/type/update/get],methods=[GET]}" onto public com.worldcup.adm.entity.ArticleType com.worldcup.adm.controller.article.ArticleTypeController.updateGet(java.lang.Integer)
2018-10-07 10:47:10.782  INFO 11111 --- [main] s.w.s.m.m.a.RequestMappingHandlerMapping : Mapped "{[/article/type/show],methods=[POST]}" onto public java.lang.Integer com.worldcup.adm.controller.article.ArticleTypeController.show(java.lang.Integer,java.lang.Integer)
2018-10-07 10:47:10.783  INFO 11111 --- [main] s.w.s.m.m.a.RequestMappingHandlerMapping : Mapped "{[/user || /user/]}" onto public java.lang.String com.worldcup.adm.controller.user.LoginUserController.list(javax.servlet.http.HttpServletRequest,org.springframework.ui.ModelMap)
2018-10-07 10:47:10.786  INFO 11111 --- [main] s.w.s.m.m.a.RequestMappingHandlerMapping : Mapped "{[/error]}" onto public org.springframework.http.ResponseEntity<java.util.Map<java.lang.String, java.lang.Object>> org.springframework.boot.autoconfigure.web.servlet.error.BasicErrorController.error(javax.servlet.http.HttpServletRequest)
2018-10-07 10:47:10.787  INFO 11111 --- [main] s.w.s.m.m.a.RequestMappingHandlerMapping : Mapped "{[/error],produces=[text/html]}" onto public org.springframework.web.servlet.ModelAndView org.springframework.boot.autoconfigure.web.servlet.error.BasicErrorController.errorHtml(javax.servlet.http.HttpServletRequest,javax.servlet.http.HttpServletResponse)
2018-10-07 10:47:10.818  INFO 11111 --- [main] o.s.w.s.handler.SimpleUrlHandlerMapping  : Mapped URL path [/webjars/**] onto handler of type [class org.springframework.web.servlet.resource.ResourceHttpRequestHandler]
2018-10-07 10:47:10.819  INFO 11111 --- [main] o.s.w.s.handler.SimpleUrlHandlerMapping  : Mapped URL path [/**] onto handler of type [class org.springframework.web.servlet.resource.ResourceHttpRequestHandler]
2018-10-07 10:47:10.834  INFO 11111 --- [main] .m.m.a.ExceptionHandlerExceptionResolver : Detected @ExceptionHandler methods in globalExceptionAdvice
2018-10-07 10:47:11.162  INFO 11111 --- [main] o.s.b.a.w.s.WelcomePageHandlerMapping    : Adding welcome page template: index
2018-10-07 10:47:11.340  INFO 11111 --- [main] o.s.j.e.a.AnnotationMBeanExporter        : Registering beans for JMX exposure on startup
2018-10-07 10:47:11.342  INFO 11111 --- [main] o.s.j.e.a.AnnotationMBeanExporter        : Bean with name 'dataSource' has been autodetected for JMX exposure
2018-10-07 10:47:11.347  INFO 11111 --- [main] o.s.j.e.a.AnnotationMBeanExporter        : Located MBean 'dataSource': registering with JMX server as MBean [com.zaxxer.hikari:name=dataSource,type=HikariDataSource]
2018-10-07 10:47:11.402  INFO 11111 --- [main] o.s.b.w.embedded.tomcat.TomcatWebServer  : Tomcat started on port(s): 8081 (http) with context path ''
2018-10-07 10:47:11.407  INFO 11111 --- [main] com.worldcup.adm.AdmApplication          : Started AdmApplication in 6.104 seconds (JVM running for 7.04)
2018-10-07 10:47:23.211  INFO 11111 --- [Thread-15] com.zaxxer.hikari.HikariDataSource       : HikariPool-1 - Shutdown initiated...
2018-10-07 10:47:23.215  INFO 11111 --- [Thread-15] com.zaxxer.hikari.HikariDataSource       : HikariPool-1 - Shutdown completed.
